  Animation.cpp
  main.cpp
  Generating Code...
main.obj : error LNK2019: unresolved external symbol "public: float __cdecl sf::Time::asSeconds(void)const " (?asSeconds@Time@sf@@QEBAMXZ) referenced in function main
main.obj : error LNK2019: unresolved external symbol "public: __cdecl sf::Clock::Clock(void)" (??0Clock@sf@@QEAA@XZ) referenced in function main
main.obj : error LNK2019: unresolved external symbol "public: class sf::Time __cdecl sf::Clock::getElapsedTime(void)const " (?getElapsedTime@Clock@sf@@QEBA?AVTime@2@XZ) referenced in function main
main.obj : error LNK2019: unresolved external symbol "public: class sf::Time __cdecl sf::Clock::restart(void)" (?restart@Clock@sf@@QEAA?AVTime@2@XZ) referenced in function main
main.obj : error LNK2019: unresolved external symbol "public: __cdecl sf::String::String(char const *,class std::locale const &)" (??0String@sf@@QEAA@PEBDAEBVlocale@std@@@Z) referenced in function main
main.obj : error LNK2019: unresolved external symbol "public: static bool __cdecl sf::Keyboard::isKeyPressed(enum sf::Keyboard::Key)" (?isKeyPressed@Keyboard@sf@@SA_NW4Key@12@@Z) referenced in function main
main.obj : error LNK2019: unresolved external symbol "public: static bool __cdecl sf::Mouse::isButtonPressed(enum sf::Mouse::Button)" (?isButtonPressed@Mouse@sf@@SA_NW4Button@12@@Z) referenced in function main
main.obj : error LNK2019: unresolved external symbol "public: static class sf::Vector2<int> __cdecl sf::Mouse::getPosition(void)" (?getPosition@Mouse@sf@@SA?AV?$Vector2@H@2@XZ) referenced in function main
main.obj : error LNK2019: unresolved external symbol "public: static class sf::Vector2<int> __cdecl sf::Mouse::getPosition(class sf::Window const &)" (?getPosition@Mouse@sf@@SA?AV?$Vector2@H@2@AEBVWindow@2@@Z) referenced in function main
main.obj : error LNK2019: unresolved external symbol "public: __cdecl sf::VideoMode::VideoMode(unsigned int,unsigned int,unsigned int)" (??0VideoMode@sf@@QEAA@III@Z) referenced in function main
main.obj : error LNK2019: unresolved external symbol "public: void __cdecl sf::Window::close(void)" (?close@Window@sf@@QEAAXXZ) referenced in function main
main.obj : error LNK2019: unresolved external symbol "public: bool __cdecl sf::Window::isOpen(void)const " (?isOpen@Window@sf@@QEBA_NXZ) referenced in function main
main.obj : error LNK2019: unresolved external symbol "public: bool __cdecl sf::Window::pollEvent(class sf::Event &)" (?pollEvent@Window@sf@@QEAA_NAEAVEvent@2@@Z) referenced in function main
main.obj : error LNK2019: unresolved external symbol "public: void __cdecl sf::Window::display(void)" (?display@Window@sf@@QEAAXXZ) referenced in function main
main.obj : error LNK2019: unresolved external symbol "public: void __cdecl sf::Transformable::setPosition(float,float)" (?setPosition@Transformable@sf@@QEAAXMM@Z) referenced in function main
main.obj : error LNK2019: unresolved external symbol "public: class sf::Vector2<float> const & __cdecl sf::Transformable::getPosition(void)const " (?getPosition@Transformable@sf@@QEBAAEBV?$Vector2@M@2@XZ) referenced in function main
main.obj : error LNK2019: unresolved external symbol "public: void __cdecl sf::Transformable::move(float,float)" (?move@Transformable@sf@@QEAAXMM@Z) referenced in function main
main.obj : error LNK2019: unresolved external symbol "public: __cdecl sf::Color::Color(unsigned char,unsigned char,unsigned char,unsigned char)" (??0Color@sf@@QEAA@EEEE@Z) referenced in function main
main.obj : error LNK2019: unresolved external symbol "public: virtual __cdecl sf::Shape::~Shape(void)" (??1Shape@sf@@UEAA@XZ) referenced in function "public: virtual __cdecl sf::RectangleShape::~RectangleShape(void)" (??1RectangleShape@sf@@UEAA@XZ)
main.obj : error LNK2019: unresolved external symbol "public: void __cdecl sf::Shape::setTexture(class sf::Texture const *,bool)" (?setTexture@Shape@sf@@QEAAXPEBVTexture@2@_N@Z) referenced in function main
main.obj : error LNK2019: unresolved external symbol "public: void __cdecl sf::Shape::setTextureRect(class sf::Rect<int> const &)" (?setTextureRect@Shape@sf@@QEAAXAEBV?$Rect@H@2@@Z) referenced in function main
main.obj : error LNK2019: unresolved external symbol "public: __cdecl sf::Texture::Texture(void)" (??0Texture@sf@@QEAA@XZ) referenced in function main
main.obj : error LNK2019: unresolved external symbol "public: __cdecl sf::Texture::~Texture(void)" (??1Texture@sf@@QEAA@XZ) referenced in function main
main.obj : error LNK2019: unresolved external symbol "public: bool __cdecl sf::Texture::loadFromFile(class std::basic_string<char,struct std::char_traits<char>,class std::allocator<char> > const &,class sf::Rect<int> const &)" (?loadFromFile@Texture@sf@@QEAA_NAEBV?$basic_string@DU?$char_traits@D@std@@V?$allocator@D@2@@std@@AEBV?$Rect@H@2@@Z) referenced in function main
main.obj : error LNK2019: unresolved external symbol "public: class sf::Vector2<unsigned int> __cdecl sf::Texture::getSize(void)const " (?getSize@Texture@sf@@QEBA?AV?$Vector2@I@2@XZ) referenced in function main
main.obj : error LNK2019: unresolved external symbol "public: __cdecl sf::RectangleShape::RectangleShape(class sf::Vector2<float> const &)" (??0RectangleShape@sf@@QEAA@AEBV?$Vector2@M@1@@Z) referenced in function main
main.obj : error LNK2019: unresolved external symbol "public: void __cdecl sf::RenderTarget::clear(class sf::Color const &)" (?clear@RenderTarget@sf@@QEAAXAEBVColor@2@@Z) referenced in function main
main.obj : error LNK2019: unresolved external symbol "public: void __cdecl sf::RenderTarget::draw(class sf::Drawable const &,class sf::RenderStates const &)" (?draw@RenderTarget@sf@@QEAAXAEBVDrawable@2@AEBVRenderStates@2@@Z) referenced in function main
main.obj : error LNK2019: unresolved external symbol "public: __cdecl sf::RenderWindow::RenderWindow(class sf::VideoMode,class sf::String const &,unsigned int,struct sf::ContextSettings const &)" (??0RenderWindow@sf@@QEAA@VVideoMode@1@AEBVString@1@IAEBUContextSettings@1@@Z) referenced in function main
main.obj : error LNK2019: unresolved external symbol "public: virtual __cdecl sf::RenderWindow::~RenderWindow(void)" (??1RenderWindow@sf@@UEAA@XZ) referenced in function main
main.obj : error LNK2001: unresolved external symbol "public: static class sf::RenderStates const sf::RenderStates::Default" (?Default@RenderStates@sf@@2V12@B)
C:\Users\siwak\source\repos\GameDev2\x64\Debug\ShootingSkyIsland.exe : fatal error LNK1120: 31 unresolved externals
